\\mac\home\documents\visual studio 2013\projects\pblibrary_ap\pblibrary_ap\x64\debug\pblibrary_ap.pch
\\mac\home\documents\visual studio 2013\projects\pblibrary_ap\pblibrary_ap\x64\debug\vc120.pdb
\\mac\home\documents\visual studio 2013\projects\pblibrary_ap\pblibrary_ap\x64\debug\stdafx.obj
\\mac\home\documents\visual studio 2013\projects\pblibrary_ap\pblibrary_ap\x64\debug\pb_ctl_secure.obj
\\mac\home\documents\visual studio 2013\projects\pblibrary_ap\pblibrary_ap\x64\debug\pblibrary_ap.obj
\\mac\home\documents\visual studio 2013\projects\pblibrary_ap\pblibrary_ap\x64\debug\assemblyinfo.obj
\\mac\home\documents\visual studio 2013\projects\pblibrary_ap\x64\debug\pblibrary_ap.pdb
\\mac\home\documents\visual studio 2013\projects\pblibrary_ap\pblibrary_ap\x64\debug\pblibrary_ap.pbgui.resources
\\mac\home\documents\visual studio 2013\projects\pblibrary_ap\pblibrary_ap\x64\debug\app.res
\\mac\home\documents\visual studio 2013\projects\pblibrary_ap\pblibrary_ap\x64\debug\pblibrary_ap.vcxproj.generateresource.cache
\\mac\home\documents\visual studio 2013\projects\pblibrary_ap\pblibrary_ap\x64\debug\pblibrary_ap.vcxprojresolveassemblyreference.cache
\\mac\home\documents\visual studio 2013\projects\pblibrary_ap\x64\debug\pblibrary_ap.exe
\\mac\home\documents\visual studio 2013\projects\pblibrary_ap\pblibrary_ap\x64\debug\pblibrary_ap.tlog\cl.command.1.tlog
\\mac\home\documents\visual studio 2013\projects\pblibrary_ap\pblibrary_ap\x64\debug\pblibrary_ap.tlog\cl.read.1.tlog
\\mac\home\documents\visual studio 2013\projects\pblibrary_ap\pblibrary_ap\x64\debug\pblibrary_ap.tlog\cl.write.1.tlog
\\mac\home\documents\visual studio 2013\projects\pblibrary_ap\pblibrary_ap\x64\debug\pblibrary_ap.tlog\link.command.1.tlog
\\mac\home\documents\visual studio 2013\projects\pblibrary_ap\pblibrary_ap\x64\debug\pblibrary_ap.tlog\link.read.1.tlog
\\mac\home\documents\visual studio 2013\projects\pblibrary_ap\pblibrary_ap\x64\debug\pblibrary_ap.tlog\link.write.1.tlog
\\mac\home\documents\visual studio 2013\projects\pblibrary_ap\pblibrary_ap\x64\debug\pblibrary_ap.tlog\metagen.read.1.tlog
\\mac\home\documents\visual studio 2013\projects\pblibrary_ap\pblibrary_ap\x64\debug\pblibrary_ap.tlog\metagen.write.1.tlog
\\mac\home\documents\visual studio 2013\projects\pblibrary_ap\pblibrary_ap\x64\debug\pblibrary_ap.tlog\pblibrary_ap.write.1u.tlog
\\mac\home\documents\visual studio 2013\projects\pblibrary_ap\pblibrary_ap\x64\debug\pblibrary_ap.tlog\rc.command.1.tlog
\\mac\home\documents\visual studio 2013\projects\pblibrary_ap\pblibrary_ap\x64\debug\pblibrary_ap.tlog\rc.read.1.tlog
\\mac\home\documents\visual studio 2013\projects\pblibrary_ap\pblibrary_ap\x64\debug\pblibrary_ap.tlog\rc.write.1.tlog
\\mac\home\documents\visual studio 2013\projects\pblibrary_ap\pblibrary_ap\x64\debug\pblibrary_ap.tlog\rsaenh.dll.bi
